#
# A fatal error has been detected by the Java Runtime Environment:
#
#  Internal Error (javaCalls.cpp:51), pid=6232, tid=0x0000000000000b18
#  guarantee(thread->is_Java_thread()) failed: crucial check - the VM thread cannot and must not escape to Java code
#
# JRE version: Java(TM) SE Runtime Environment (8.0_251-b08) (build 1.8.0_251-b08)
# Java VM: Java HotSpot(TM) 64-Bit Server VM (25.251-b08 mixed mode windows-amd64 compressed oops)
# Failed to write core dump. Minidumps are not enabled by default on client versions of Windows
#
# If you would like to submit a bug report, please visit:
#   http://bugreport.java.com/bugreport/crash.jsp
#

---------------  T H R E A D  ---------------

Current thread (0x0000000015098000):  VMThread [stack: 0x0000000016130000,0x0000000016230000] [id=2840]

Stack: [0x0000000016130000,0x0000000016230000]
[error occurred during error reporting (printing stack bounds), id 0xc0000005]

Native frames: (J=compiled Java code, j=interpreted, Vv=VM code, C=native code)

VM_Operation (0x0000000016b5f500): GetOrSetLocal, mode: safepoint, requested by thread 0x00000000150de800


---------------  P R O C E S S  ---------------

Java Threads: ( => current thread )
  0x000000001738d000 JavaThread "ReaderThread" [_thread_in_native, id=8420, stack(0x0000000017e60000,0x0000000017f60000)]
  0x00000000171f2000 JavaThread "Service Thread" daemon [_thread_blocked, id=13092, stack(0x0000000017c60000,0x0000000017d60000)]
  0x00000000171e1800 JavaThread "C1 CompilerThread2" daemon [_thread_blocked, id=1368, stack(0x0000000017b60000,0x0000000017c60000)]
  0x00000000171de000 JavaThread "C2 CompilerThread1" daemon [_thread_blocked, id=12200, stack(0x0000000017a60000,0x0000000017b60000)]
  0x00000000171dd000 JavaThread "C2 CompilerThread0" daemon [_thread_blocked, id=2772, stack(0x0000000017960000,0x0000000017a60000)]
  0x00000000150f0000 JavaThread "JDWP Command Reader" daemon [_thread_in_native, id=12108, stack(0x0000000016c60000,0x0000000016d60000)]
  0x00000000150ee800 JavaThread "JDWP Event Helper Thread" daemon [_thread_blocked, id=5712, stack(0x0000000016b60000,0x0000000016c60000)]
  0x00000000150de800 JavaThread "JDWP Transport Listener: dt_socket" daemon [_thread_blocked, id=14496, stack(0x0000000016a60000,0x0000000016b60000)]
  0x00000000150d4000 JavaThread "Attach Listener" daemon [_thread_blocked, id=13812, stack(0x0000000016620000,0x0000000016720000)]
  0x00000000150d2800 JavaThread "Signal Dispatcher" daemon [_thread_blocked, id=5976, stack(0x0000000016520000,0x0000000016620000)]
  0x00000000150c0000 JavaThread "Finalizer" daemon [_thread_blocked, id=12656, stack(0x0000000016330000,0x0000000016430000)]
  0x0000000002aa7000 JavaThread "Reference Handler" daemon [_thread_blocked, id=704, stack(0x0000000016230000,0x0000000016330000)]
  0x00000000025bd000 JavaThread "main" [_thread_blocked, id=14664, stack(0x0000000002750000,0x0000000002850000)]

Other Threads:
=>0x0000000015098000 VMThread [stack: 0x0000000016130000,0x0000000016230000] [id=2840]
  0x000000001730b000 WatcherThread [stack: 0x0000000017d60000,0x0000000017e60000] [id=14492]

VM state:at safepoint (normal execution)

VM Mutex/Monitor currently owned by a thread:  ([mutex/lock_event])
[0x00000000029b4170] Threads_lock - owner thread: 0x0000000015098000

heap address: 0x00000000c1200000, size: 1006 MB, Compressed Oops mode: 32-bit
Narrow klass base: 0x0000000000000000, Narrow klass shift: 3
Compressed class space size: 1073741824 Address: 0x0000000100000000

Heap:
 PSYoungGen      total 35328K, used 12646K [0x00000000eb100000, 0x00000000efa00000, 0x0000000100000000)
  eden space 32768K, 30% used [0x00000000eb100000,0x00000000ebadd1e0,0x00000000ed100000)
  from space 2560K, 99% used [0x00000000ed100000,0x00000000ed37c948,0x00000000ed380000)
  to   space 4608K, 0% used [0x00000000ef580000,0x00000000ef580000,0x00000000efa00000)
 ParOldGen       total 44032K, used 3022K [0x00000000c1200000, 0x00000000c3d00000, 0x00000000eb100000)
  object space 44032K, 6% used [0x00000000c1200000,0x00000000c14f3b58,0x00000000c3d00000)
 Metaspace       used 13634K, capacity 13882K, committed 13952K, reserved 1060864K
  class space    used 1818K, capacity 1905K, committed 1920K, reserved 1048576K

Card table byte_map: [0x0000000011e70000,0x0000000012070000] byte_map_base: 0x0000000011867000

Marking Bits: (ParMarkBitMap*) 0x0000000077f7af90
 Begin Bits: [0x00000000125c0000, 0x0000000013578000)
 End Bits:   [0x0000000013578000, 0x0000000014530000)

Polling page: 0x00000000024d0000

CodeCache: size=245760Kb used=5497Kb max_used=5518Kb free=240263Kb
 bounds [0x0000000002ab0000, 0x0000000003020000, 0x0000000011ab0000]
 total_blobs=1573 nmethods=1229 adapters=265
 compilation: enabled

Compilation events (10 events):
Event: 5.582 Thread 0x00000000171e1800 1230       1       sun.reflect.generics.tree.ClassTypeSignature::getPath (5 bytes)
Event: 5.582 Thread 0x00000000171e1800 nmethod 1230 0x0000000002ff89d0 code [0x0000000002ff8b20, 0x0000000002ff8c30]
Event: 5.582 Thread 0x00000000171e1800 1231       1       sun.reflect.generics.tree.SimpleClassTypeSignature::getDollar (5 bytes)
Event: 5.583 Thread 0x00000000171e1800 nmethod 1231 0x0000000002ffc750 code [0x0000000002ffc8a0, 0x0000000002ffc9b0]
Event: 5.583 Thread 0x00000000171e1800 1232       1       java.lang.reflect.Field::getType (5 bytes)
Event: 5.583 Thread 0x00000000171e1800 nmethod 1232 0x0000000003001d10 code [0x0000000003001e60, 0x0000000003001f70]
Event: 5.620 Thread 0x00000000171dd000 nmethod 1174 0x000000000300a590 code [0x000000000300a920, 0x0000000003011188]
Event: 5.620 Thread 0x00000000171dd000 1224       4       java.util.HashMap::newNode (13 bytes)
Event: 5.622 Thread 0x00000000171dd000 nmethod 1224 0x0000000003000510 code [0x0000000003000660, 0x0000000003000758]
Event: 5.635 Thread 0x00000000171de000 nmethod 1228 0x0000000003002650 code [0x0000000003002860, 0x0000000003005030]

GC Heap History (10 events):
Event: 2.021 GC heap before
{Heap before GC invocations=1 (full 0):
 PSYoungGen      total 18944K, used 16384K [0x00000000eb100000, 0x00000000ec600000, 0x0000000100000000)
  eden space 16384K, 100% used [0x00000000eb100000,0x00000000ec100000,0x00000000ec100000)
  from space 2560K, 0% used [0x00000000ec380000,0x00000000ec380000,0x00000000ec600000)
  to   space 2560K, 0% used [0x00000000ec100000,0x00000000ec100000,0x00000000ec380000)
 ParOldGen       total 44032K, used 0K [0x00000000c1200000, 0x00000000c3d00000, 0x00000000eb100000)
  object space 44032K, 0% used [0x00000000c1200000,0x00000000c1200000,0x00000000c3d00000)
 Metaspace       used 5977K, capacity 6098K, committed 6400K, reserved 1056768K
  class space    used 668K, capacity 689K, committed 768K, reserved 1048576K
Event: 2.027 GC heap after
Heap after GC invocations=1 (full 0):
 PSYoungGen      total 18944K, used 2381K [0x00000000eb100000, 0x00000000ec600000, 0x0000000100000000)
  eden space 16384K, 0% used [0x00000000eb100000,0x00000000eb100000,0x00000000ec100000)
  from space 2560K, 93% used [0x00000000ec100000,0x00000000ec3537e8,0x00000000ec380000)
  to   space 2560K, 0% used [0x00000000ec380000,0x00000000ec380000,0x00000000ec600000)
 ParOldGen       total 44032K, used 8K [0x00000000c1200000, 0x00000000c3d00000, 0x00000000eb100000)
  object space 44032K, 0% used [0x00000000c1200000,0x00000000c1202000,0x00000000c3d00000)
 Metaspace       used 5977K, capacity 6098K, committed 6400K, reserved 1056768K
  class space    used 668K, capacity 689K, committed 768K, reserved 1048576K
}
Event: 2.624 GC heap before
{Heap before GC invocations=2 (full 0):
 PSYoungGen      total 18944K, used 18765K [0x00000000eb100000, 0x00000000ec600000, 0x0000000100000000)
  eden space 16384K, 100% used [0x00000000eb100000,0x00000000ec100000,0x00000000ec100000)
  from space 2560K, 93% used [0x00000000ec100000,0x00000000ec3537e8,0x00000000ec380000)
  to   space 2560K, 0% used [0x00000000ec380000,0x00000000ec380000,0x00000000ec600000)
 ParOldGen       total 44032K, used 8K [0x00000000c1200000, 0x00000000c3d00000, 0x00000000eb100000)
  object space 44032K, 0% used [0x00000000c1200000,0x00000000c1202000,0x00000000c3d00000)
 Metaspace       used 7167K, capacity 7282K, committed 7424K, reserved 1056768K
  class space    used 877K, capacity 913K, committed 1024K, reserved 1048576K
Event: 2.634 GC heap after
Heap after GC invocations=2 (full 0):
 PSYoungGen      total 18944K, used 2478K [0x00000000eb100000, 0x00000000ec600000, 0x0000000100000000)
  eden space 16384K, 0% used [0x00000000eb100000,0x00000000eb100000,0x00000000ec100000)
  from space 2560K, 96% used [0x00000000ec380000,0x00000000ec5eba50,0x00000000ec600000)
  to   space 2560K, 0% used [0x00000000ec100000,0x00000000ec100000,0x00000000ec380000)
 ParOldGen       total 44032K, used 16K [0x00000000c1200000, 0x00000000c3d00000, 0x00000000eb100000)
  object space 44032K, 0% used [0x00000000c1200000,0x00000000c1204000,0x00000000c3d00000)
 Metaspace       used 7167K, capacity 7282K, committed 7424K, reserved 1056768K
  class space    used 877K, capacity 913K, committed 1024K, reserved 1048576K
}
Event: 3.260 GC heap before
{Heap before GC invocations=3 (full 0):
 PSYoungGen      total 18944K, used 18862K [0x00000000eb100000, 0x00000000ec600000, 0x0000000100000000)
  eden space 16384K, 100% used [0x00000000eb100000,0x00000000ec100000,0x00000000ec100000)
  from space 2560K, 96% used [0x00000000ec380000,0x00000000ec5eba50,0x00000000ec600000)
  to   space 2560K, 0% used [0x00000000ec100000,0x00000000ec100000,0x00000000ec380000)
 ParOldGen       total 44032K, used 16K [0x00000000c1200000, 0x00000000c3d00000, 0x00000000eb100000)
  object space 44032K, 0% used [0x00000000c1200000,0x00000000c1204000,0x00000000c3d00000)
 Metaspace       used 8039K, capacity 8210K, committed 8320K, reserved 1056768K
  class space    used 1080K, capacity 1137K, committed 1152K, reserved 1048576K
Event: 3.270 GC heap after
Heap after GC invocations=3 (full 0):
 PSYoungGen      total 18944K, used 2558K [0x00000000eb100000, 0x00000000ed600000, 0x0000000100000000)
  eden space 16384K, 0% used [0x00000000eb100000,0x00000000eb100000,0x00000000ec100000)
  from space 2560K, 99% used [0x00000000ec100000,0x00000000ec37f9f8,0x00000000ec380000)
  to   space 2560K, 0% used [0x00000000ed380000,0x00000000ed380000,0x00000000ed600000)
 ParOldGen       total 44032K, used 32K [0x00000000c1200000, 0x00000000c3d00000, 0x00000000eb100000)
  object space 44032K, 0% used [0x00000000c1200000,0x00000000c1208000,0x00000000c3d00000)
 Metaspace       used 8039K, capacity 8210K, committed 8320K, reserved 1056768K
  class space    used 1080K, capacity 1137K, committed 1152K, reserved 1048576K
}
Event: 3.925 GC heap before
{Heap before GC invocations=4 (full 0):
 PSYoungGen      total 18944K, used 18942K [0x00000000eb100000, 0x00000000ed600000, 0x0000000100000000)
  eden space 16384K, 100% used [0x00000000eb100000,0x00000000ec100000,0x00000000ec100000)
  from space 2560K, 99% used [0x00000000ec100000,0x00000000ec37f9f8,0x00000000ec380000)
  to   space 2560K, 0% used [0x00000000ed380000,0x00000000ed380000,0x00000000ed600000)
 ParOldGen       total 44032K, used 32K [0x00000000c1200000, 0x00000000c3d00000, 0x00000000eb100000)
  object space 44032K, 0% used [0x00000000c1200000,0x00000000c1208000,0x00000000c3d00000)
 Metaspace       used 10901K, capacity 11080K, committed 11264K, reserved 1058816K
  class space    used 1407K, capacity 1472K, committed 1536K, reserved 1048576K
Event: 3.942 GC heap after
Heap after GC invocations=4 (full 0):
 PSYoungGen      total 35328K, used 2535K [0x00000000eb100000, 0x00000000ed600000, 0x0000000100000000)
  eden space 32768K, 0% used [0x00000000eb100000,0x00000000eb100000,0x00000000ed100000)
  from space 2560K, 99% used [0x00000000ed380000,0x00000000ed5f9d38,0x00000000ed600000)
  to   space 2560K, 0% used [0x00000000ed100000,0x00000000ed100000,0x00000000ed380000)
 ParOldGen       total 44032K, used 635K [0x00000000c1200000, 0x00000000c3d00000, 0x00000000eb100000)
  object space 44032K, 1% used [0x00000000c1200000,0x00000000c129ef08,0x00000000c3d00000)
 Metaspace       used 10901K, capacity 11080K, committed 11264K, reserved 1058816K
  class space    used 1407K, capacity 1472K, committed 1536K, reserved 1048576K
}
Event: 5.158 GC heap before
{Heap before GC invocations=5 (full 0):
 PSYoungGen      total 35328K, used 35303K [0x00000000eb100000, 0x00000000ed600000, 0x0000000100000000)
  eden space 32768K, 100% used [0x00000000eb100000,0x00000000ed100000,0x00000000ed100000)
  from space 2560K, 99% used [0x00000000ed380000,0x00000000ed5f9d38,0x00000000ed600000)
  to   space 2560K, 0% used [0x00000000ed100000,0x00000000ed100000,0x00000000ed380000)
 ParOldGen       total 44032K, used 635K [0x00000000c1200000, 0x00000000c3d00000, 0x00000000eb100000)
  object space 44032K, 1% used [0x00000000c1200000,0x00000000c129ef08,0x00000000c3d00000)
 Metaspace       used 12994K, capacity 13204K, committed 13440K, reserved 1060864K
  class space    used 1713K, capacity 1794K, committed 1920K, reserved 1048576K
Event: 5.167 GC heap after
Heap after GC invocations=5 (full 0):
 PSYoungGen      total 35328K, used 2546K [0x00000000eb100000, 0x00000000efa00000, 0x0000000100000000)
  eden space 32768K, 0% used [0x00000000eb100000,0x00000000eb100000,0x00000000ed100000)
  from space 2560K, 99% used [0x00000000ed100000,0x00000000ed37c948,0x00000000ed380000)
  to   space 4608K, 0% used [0x00000000ef580000,0x00000000ef580000,0x00000000efa00000)
 ParOldGen       total 44032K, used 3022K [0x00000000c1200000, 0x00000000c3d00000, 0x00000000eb100000)
  object space 44032K, 6% used [0x00000000c1200000,0x00000000c14f3b58,0x00000000c3d00000)
 Metaspace       used 12994K, capacity 13204K, committed 13440K, reserved 1060864K
  class space    used 1713K, capacity 1794K, committed 1920K, reserved 1048576K
}

Deoptimization events (10 events):
Event: 2.951 Thread 0x00000000025bd000 Uncommon trap: reason=unstable_if action=reinterpret pc=0x0000000002ddb9ac method=java.io.WinNTFileSystem.normalize(Ljava/lang/String;)Ljava/lang/String; @ 128
Event: 3.091 Thread 0x00000000025bd000 Uncommon trap: reason=unstable_if action=reinterpret pc=0x0000000002e6e3ac method=java.lang.Class.cast(Ljava/lang/Object;)Ljava/lang/Object; @ 1
Event: 3.136 Thread 0x00000000025bd000 Uncommon trap: reason=unstable_if action=reinterpret pc=0x0000000002e3b8d8 method=org.eclipse.jdt.launching.internal.org.objectweb.asm.ByteVector.putInt(I)Lorg/eclipse/jdt/launching/internal/org/objectweb/asm/ByteVector; @ 13
Event: 3.864 Thread 0x00000000025bd000 Uncommon trap: reason=unstable_if action=reinterpret pc=0x0000000002e30404 method=org.eclipse.jdt.launching.internal.org.objectweb.asm.SymbolTable.addConstantUtf8Reference(ILjava/lang/String;)Lorg/eclipse/jdt/launching/internal/org/objectweb/asm/Symbol; @
Event: 3.864 Thread 0x00000000025bd000 Uncommon trap: reason=unstable_if action=reinterpret pc=0x0000000002defb40 method=org.eclipse.jdt.launching.internal.org.objectweb.asm.SymbolTable.addConstantUtf8(Ljava/lang/String;)I @ 40
Event: 4.522 Thread 0x00000000025bd000 Uncommon trap: reason=class_check action=maybe_recompile pc=0x0000000002c27660 method=java.lang.String.equals(Ljava/lang/Object;)Z @ 8
Event: 4.524 Thread 0x00000000025bd000 Uncommon trap: reason=class_check action=maybe_recompile pc=0x0000000002c27660 method=java.lang.String.equals(Ljava/lang/Object;)Z @ 8
Event: 4.524 Thread 0x00000000025bd000 Uncommon trap: reason=class_check action=maybe_recompile pc=0x0000000002c27660 method=java.lang.String.equals(Ljava/lang/Object;)Z @ 8
Event: 4.524 Thread 0x00000000025bd000 Uncommon trap: reason=class_check action=maybe_recompile pc=0x0000000002c27660 method=java.lang.String.equals(Ljava/lang/Object;)Z @ 8
Event: 5.189 Thread 0x00000000025bd000 Uncommon trap: reason=predicate action=maybe_recompile pc=0x0000000002f72b80 method=java.lang.String.regionMatches(ZILjava/lang/String;II)Z @ 63

Classes redefined (6 events):
Event: 497.660 Thread 0x0000000015098000 redefined class name=cpm.qa.stepdef.LoginStepdefinition, count=1
Event: 587.309 Thread 0x0000000015098000 redefined class name=cpm.qa.stepdef.LoginStepdefinition, count=2
Event: 740.651 Thread 0x0000000015098000 redefined class name=cpm.qa.stepdef.LoginStepdefinition, count=3
Event: 750.553 Thread 0x0000000015098000 redefined class name=cpm.qa.stepdef.LoginStepdefinition, count=4
Event: 909.601 Thread 0x0000000015098000 redefined class name=cpm.qa.stepdef.LoginStepdefinition, count=5
Event: 967.595 Thread 0x0000000015098000 redefined class name=cpm.qa.stepdef.LoginStepdefinition, count=6

Internal exceptions (10 events):
Event: 5.409 Thread 0x00000000025bd000 Exception <a 'java/lang/ArrayIndexOutOfBoundsException'> (0x00000000eb6baa00) thrown at [C:\jenkins\workspace\8-2-build-windows-amd64-cygwin\jdk8u251\737\hotspot\src\share\vm\runtime\sharedRuntime.cpp, line 605]
Event: 5.410 Thread 0x00000000025bd000 Exception <a 'java/lang/ArrayIndexOutOfBoundsException'> (0x00000000eb6bbf98) thrown at [C:\jenkins\workspace\8-2-build-windows-amd64-cygwin\jdk8u251\737\hotspot\src\share\vm\runtime\sharedRuntime.cpp, line 605]
Event: 5.410 Thread 0x00000000025bd000 Exception <a 'java/lang/ArrayIndexOutOfBoundsException'> (0x00000000eb6bd468) thrown at [C:\jenkins\workspace\8-2-build-windows-amd64-cygwin\jdk8u251\737\hotspot\src\share\vm\runtime\sharedRuntime.cpp, line 605]
Event: 5.410 Thread 0x00000000025bd000 Exception <a 'java/lang/ArrayIndexOutOfBoundsException'> (0x00000000eb6be5f8) thrown at [C:\jenkins\workspace\8-2-build-windows-amd64-cygwin\jdk8u251\737\hotspot\src\share\vm\runtime\sharedRuntime.cpp, line 605]
Event: 5.417 Thread 0x00000000025bd000 Exception <a 'java/lang/ArrayIndexOutOfBoundsException'> (0x00000000eb6c1de0) thrown at [C:\jenkins\workspace\8-2-build-windows-amd64-cygwin\jdk8u251\737\hotspot\src\share\vm\runtime\sharedRuntime.cpp, line 605]
Event: 5.419 Thread 0x00000000025bd000 Exception <a 'java/lang/ArrayIndexOutOfBoundsException'> (0x00000000eb6c4990) thrown at [C:\jenkins\workspace\8-2-build-windows-amd64-cygwin\jdk8u251\737\hotspot\src\share\vm\runtime\sharedRuntime.cpp, line 605]
Event: 5.420 Thread 0x00000000025bd000 Exception <a 'java/lang/ArrayIndexOutOfBoundsException'> (0x00000000eb6c5f20) thrown at [C:\jenkins\workspace\8-2-build-windows-amd64-cygwin\jdk8u251\737\hotspot\src\share\vm\runtime\sharedRuntime.cpp, line 605]
Event: 5.421 Thread 0x00000000025bd000 Exception <a 'java/lang/ArrayIndexOutOfBoundsException'> (0x00000000eb6c74c8) thrown at [C:\jenkins\workspace\8-2-build-windows-amd64-cygwin\jdk8u251\737\hotspot\src\share\vm\runtime\sharedRuntime.cpp, line 605]
Event: 5.422 Thread 0x00000000025bd000 Exception <a 'java/lang/ArrayIndexOutOfBoundsException'> (0x00000000eb6c8a60) thrown at [C:\jenkins\workspace\8-2-build-windows-amd64-cygwin\jdk8u251\737\hotspot\src\share\vm\runtime\sharedRuntime.cpp, line 605]
Event: 5.583 Thread 0x00000000025bd000 Exception <a 'java/lang/NullPointerException'> (0x00000000eba0ece0) thrown at [C:\jenkins\workspace\8-2-build-windows-amd64-cygwin\jdk8u251\737\hotspot\src\share\vm\interpreter\linkResolver.cpp, line 1287]

Events (10 events):
Event: 1025.191 Executing VM operation: ChangeBreakpoints done
Event: 1028.939 Executing VM operation: GetCurrentContendedMonitor
Event: 1028.939 Executing VM operation: GetCurrentContendedMonitor done
Event: 1028.940 Executing VM operation: GetOwnedMonitorInfo
Event: 1028.940 Executing VM operation: GetOwnedMonitorInfo done
Event: 1032.671 Executing VM operation: GetCurrentContendedMonitor
Event: 1032.671 Executing VM operation: GetCurrentContendedMonitor done
Event: 1032.671 Executing VM operation: GetOwnedMonitorInfo
Event: 1032.671 Executing VM operation: GetOwnedMonitorInfo done
Event: 7245.486 Executing VM operation: GetOrSetLocal


Dynamic libraries:
0x00007ff64a690000 - 0x00007ff64a6c7000 	C:\Program Files\Java\jre1.8.0_251\bin\javaw.exe
0x00007ffed7bb0000 - 0x00007ffed7d81000 	C:\Windows\SYSTEM32\ntdll.dll
0x00007ffed76f0000 - 0x00007ffed779b000 	C:\Windows\System32\KERNEL32.DLL
0x00007ffed4490000 - 0x00007ffed46ad000 	C:\Windows\System32\KERNELBASE.dll
0x00007ffed5300000 - 0x00007ffed53a2000 	C:\Windows\System32\ADVAPI32.dll
0x00007ffed74f0000 - 0x00007ffed758e000 	C:\Windows\System32\msvcrt.dll
0x00007ffed7690000 - 0x00007ffed76e9000 	C:\Windows\System32\sechost.dll
0x00007ffed6df0000 - 0x00007ffed6f11000 	C:\Windows\System32\RPCRT4.dll
0x00007ffed6f40000 - 0x00007ffed70a5000 	C:\Windows\System32\USER32.dll
0x00007ffed4370000 - 0x00007ffed438e000 	C:\Windows\System32\win32u.dll
0x00007ffed77b0000 - 0x00007ffed77e4000 	C:\Windows\System32\GDI32.dll
0x00007ffed46b0000 - 0x00007ffed4832000 	C:\Windows\System32\gdi32full.dll
0x00007ffec81b0000 - 0x00007ffec8429000 	C:\Windows\WinSxS\amd64_microsoft.windows.common-controls_6595b64144ccf1df_6.0.14393.0_none_2d0f50fcbdb171b8\COMCTL32.dll
0x00007ffed68c0000 - 0x00007ffed6b87000 	C:\Windows\System32\combase.dll
0x00007ffed4390000 - 0x00007ffed4485000 	C:\Windows\System32\ucrtbase.dll
0x00007ffed41f0000 - 0x00007ffed425a000 	C:\Windows\System32\bcryptPrimitives.dll
0x00007ffed7b70000 - 0x00007ffed7b9e000 	C:\Windows\System32\IMM32.DLL
0x0000000050450000 - 0x0000000050522000 	C:\Program Files\Java\jre1.8.0_251\bin\msvcr100.dll
0x0000000077750000 - 0x0000000077ffb000 	C:\Program Files\Java\jre1.8.0_251\bin\server\jvm.dll
0x00007ffed77a0000 - 0x00007ffed77a8000 	C:\Windows\System32\PSAPI.DLL
0x00007ffed18f0000 - 0x00007ffed18f9000 	C:\Windows\SYSTEM32\WSOCK32.dll
0x00007ffed7b00000 - 0x00007ffed7b6a000 	C:\Windows\System32\WS2_32.dll
0x00007ffed1da0000 - 0x00007ffed1dc3000 	C:\Windows\SYSTEM32\WINMM.dll
0x00007ffec8440000 - 0x00007ffec844a000 	C:\Windows\SYSTEM32\VERSION.dll
0x00007ffed1d40000 - 0x00007ffed1d6b000 	C:\Windows\SYSTEM32\WINMMBASE.dll
0x00007ffed4f20000 - 0x00007ffed4f62000 	C:\Windows\System32\cfgmgr32.dll
0x00007ffed15a0000 - 0x00007ffed15af000 	C:\Program Files\Java\jre1.8.0_251\bin\verify.dll
0x00007ffecd820000 - 0x00007ffecd849000 	C:\Program Files\Java\jre1.8.0_251\bin\java.dll
0x00007ffecc050000 - 0x00007ffecc085000 	C:\Program Files\Java\jre1.8.0_251\bin\jdwp.dll
0x00007ffed05a0000 - 0x00007ffed05a8000 	C:\Program Files\Java\jre1.8.0_251\bin\npt.dll
0x00007ffecc020000 - 0x00007ffecc043000 	C:\Program Files\Java\jre1.8.0_251\bin\instrument.dll
0x00007ffecca20000 - 0x00007ffecca36000 	C:\Program Files\Java\jre1.8.0_251\bin\zip.dll
0x00007ffed53b0000 - 0x00007ffed68b8000 	C:\Windows\System32\SHELL32.dll
0x00007ffed4840000 - 0x00007ffed4f1a000 	C:\Windows\System32\windows.storage.dll
0x00007ffed40e0000 - 0x00007ffed412c000 	C:\Windows\System32\powrprof.dll
0x00007ffed7630000 - 0x00007ffed7682000 	C:\Windows\System32\shlwapi.dll
0x00007ffed40d0000 - 0x00007ffed40df000 	C:\Windows\System32\kernel.appcore.dll
0x00007ffed4140000 - 0x00007ffed41e9000 	C:\Windows\System32\shcore.dll
0x00007ffed40b0000 - 0x00007ffed40c4000 	C:\Windows\System32\profapi.dll
0x00007ffece0f0000 - 0x00007ffece0f9000 	C:\Program Files\Java\jre1.8.0_251\bin\dt_socket.dll
0x00007ffebf060000 - 0x00007ffebf076000 	C:\Windows\system32\napinsp.dll
0x00007ffebf040000 - 0x00007ffebf05a000 	C:\Windows\system32\pnrpnsp.dll
0x00007ffed1430000 - 0x00007ffed1448000 	C:\Windows\system32\NLAapi.dll
0x00007ffed39e0000 - 0x00007ffed3a3c000 	C:\Windows\System32\mswsock.dll
0x00007ffed37b0000 - 0x00007ffed3850000 	C:\Windows\SYSTEM32\DNSAPI.dll
0x00007ffed7ba0000 - 0x00007ffed7ba8000 	C:\Windows\System32\NSI.dll
0x00007ffed3770000 - 0x00007ffed37a8000 	C:\Windows\SYSTEM32\IPHLPAPI.DLL
0x00007ffebf000000 - 0x00007ffebf00e000 	C:\Windows\System32\winrnr.dll
0x00007ffebefe0000 - 0x00007ffebeff5000 	C:\Windows\System32\wshbth.dll
0x00007ffecc9a0000 - 0x00007ffecca0a000 	C:\Windows\System32\fwpuclnt.dll
0x00007ffed3c90000 - 0x00007ffed3cbb000 	C:\Windows\SYSTEM32\bcrypt.dll
0x00007ffec6f10000 - 0x00007ffec6f1a000 	C:\Windows\System32\rasadhlp.dll
0x00007ffecc750000 - 0x00007ffecc76a000 	C:\Program Files\Java\jre1.8.0_251\bin\net.dll

VM Arguments:
jvm_args: -agentlib:jdwp=transport=dt_socket,suspend=y,address=localhost:55077 -ea -javaagent:C:\Users\pramo\eclipse\java-2019-062\eclipse\configuration\org.eclipse.osgi\226\0\.cp\lib\javaagent-shaded.jar -Dfile.encoding=UTF-8 
java_command: org.eclipse.jdt.internal.junit.runner.RemoteTestRunner -version 3 -port 55076 -testLoaderClass org.eclipse.jdt.internal.junit4.runner.JUnit4TestLoader -loaderpluginname org.eclipse.jdt.junit4.runtime -classNames com.qa.runner.TestRunner
java_class_path (initial): C:\Users\pramo\eclipse-workspace\FreeeCRMcucumberBDDFramework123\target\test-classes;C:\Users\pramo\eclipse-workspace\FreeeCRMcucumberBDDFramework123\target\classes;C:\Users\pramo\.p2\pool\plugins\org.junit_4.12.0.v201504281640\junit.jar;C:\Users\pramo\.p2\pool\plugins\org.hamcrest.core_1.3.0.v20180420-1519.jar;D:\selenium documents\selenium jards\Cucumber jards\cucumber-java-1.2.4.jar;C:\Users\pramo\.m2\repository\junit\junit\3.8.1\junit-3.8.1.jar;C:\Users\pramo\.m2\repository\info\cukes\cucumber-java\1.2.5\cucumber-java-1.2.5.jar;C:\Users\pramo\.m2\repository\info\cukes\cucumber-core\1.2.5\cucumber-core-1.2.5.jar;C:\Users\pramo\.m2\repository\info\cukes\cucumber-html\0.2.3\cucumber-html-0.2.3.jar;C:\Users\pramo\.m2\repository\info\cukes\cucumber-junit\1.2.5\cucumber-junit-1.2.5.jar;C:\Users\pramo\.m2\repository\info\cukes\cucumber-jvm-deps\1.0.5\cucumber-jvm-deps-1.0.5.jar;C:\Users\pramo\.m2\repository\net\masterthought\cucumber-reporting\1.0.0\cucumber-reporting-1.0.0.jar;C:\Users\pramo\.m2\repository\com\google\code\gson\gson\2.4\gson-2.4.jar;C:\Users\pramo\.m2\repository\org\apache\velocity\velocity\1.7\velocity-1.7.jar;C:\Users\pramo\.m2\repository\commons-collections\commons-collections\3.2.1\commons-collections-3.2.1.jar;C:\Users\pramo\.m2\repository\commons-lang\commons-lang\2.4\commons-lang-2.4.jar;C:\Users\pramo\.m2\repository\velocity-tools\velocity-tools\1.4\velocity-tools-1.4.jar;C:\Users\pramo\.m2\repository\joda-time\joda-time\2.9.1\joda-time-2.9.1.jar;C:\Users\pramo\.m2\repository\org\apache\commons\commons-lang3\3.4\commons-lang3-3.4.jar;C:\Users\pramo\.m2\repository\commons-io\commons-io\2.4\commons-io-2.4.jar;C:\Users\pramo\.m2\repository\net\lingala\zip4j\zip4j\1.3.2\zip4j-1.3.2.jar;C:\Users\pramo\.m2\repository\org\apache\maven\plugins\maven-gpg-plugin\1.6\maven-gpg-plugin-1.6.jar;C:\Users\pramo\.m2\repository\org\apache\maven\maven-plugin-api\2.2.1\maven-plugin-api-2.2.1.jar;C:\Users\pramo\.m2\repository\org\apache
Launcher Type: SUN_STANDARD

Environment Variables:
PATH=C:/Program Files/Java/jre1.8.0_251/bin/server;C:/Program Files/Java/jre1.8.0_251/bin;C:/Program Files/Java/jre1.8.0_251/lib/amd64;C:\Program Files (x86)\Common Files\Oracle\Java\javapath;C:\ProgramData\Oracle\Java\javapath;C:\Windows\system32;C:\Windows;C:\Windows\System32\Wbem;C:\Windows\System32\WindowsPowerShell\v1.0\;C:\Program Files\Java\jdk-12.0.2\bin;C:\ProgramData\chocolatey\bin;C:\Program Files (x86)\Brackets\command;C:\Program Files\Microsoft VS Code\bin;C:\Program Files\nodejs\;C:\Program Files\Git\cmd;C:\Program Files\Git\bin;C:\Program Files\Git\cmd;C:\Users\pramo\Desktop;
USERNAME=pramo
OS=Windows_NT
PROCESSOR_IDENTIFIER=Intel64 Family 6 Model 61 Stepping 4, GenuineIntel



---------------  S Y S T E M  ---------------

OS: Windows 10.0 , 64 bit Build 14393 (10.0.14393.0)

CPU:total 4 (initial active 4) (2 cores per cpu, 2 threads per core) family 6 model 61 stepping 4, cmov, cx8, fxsr, mmx, sse, sse2, sse3, ssse3, sse4.1, sse4.2, popcnt, avx, avx2, aes, clmul, erms, 3dnowpref, lzcnt, ht, tsc, tscinvbit, bmi1, bmi2, adx

Memory: 4k page, physical 4113068k(485880k free), swap 10312620k(1560492k free)

vm_info: Java HotSpot(TM) 64-Bit Server VM (25.251-b08) for windows-amd64 JRE (1.8.0_251-b08), built on Mar 12 2020 06:31:49 by "" with MS VC++ 10.0 (VS2010)

time: Tue Sep 08 02:49:15 2020
timezone: Pacific Daylight Time
elapsed time: 7246 seconds (0d 2h 0m 46s)

